[2025-03-05T22:04:09.443+0000] {local_task_job_runner.py:123} INFO - ::group::Pre task execution logs
[2025-03-05T22:04:09.448+0000] {taskinstance.py:2612} INFO - Dependencies all met for dep_context=non-requeueable deps ti=<TaskInstance: forecast_stock_prices.merge_forecast_into_final_table manual__2025-03-05T22:04:01.281765+00:00 [queued]>
[2025-03-05T22:04:09.451+0000] {taskinstance.py:2612} INFO - Dependencies all met for dep_context=requeueable deps ti=<TaskInstance: forecast_stock_prices.merge_forecast_into_final_table manual__2025-03-05T22:04:01.281765+00:00 [queued]>
[2025-03-05T22:04:09.451+0000] {taskinstance.py:2865} INFO - Starting attempt 1 of 1
[2025-03-05T22:04:09.455+0000] {taskinstance.py:2888} INFO - Executing <Task(_PythonDecoratedOperator): merge_forecast_into_final_table> on 2025-03-05 22:04:01.281765+00:00
[2025-03-05T22:04:09.459+0000] {logging_mixin.py:190} WARNING - /home/***/.local/lib/python3.12/site-packages/***/task/task_runner/standard_task_runner.py:70 DeprecationWarning: This process (pid=2207) is multi-threaded, use of fork() may lead to deadlocks in the child.
[2025-03-05T22:04:09.460+0000] {standard_task_runner.py:72} INFO - Started process 2222 to run task
[2025-03-05T22:04:09.459+0000] {standard_task_runner.py:104} INFO - Running: ['***', 'tasks', 'run', 'forecast_stock_prices', 'merge_forecast_into_final_table', 'manual__2025-03-05T22:04:01.281765+00:00', '--job-id', '23', '--raw', '--subdir', 'DAGS_FOLDER/forecast_stock_prices.py', '--cfg-path', '/tmp/tmpdcor2wdj']
[2025-03-05T22:04:09.460+0000] {standard_task_runner.py:105} INFO - Job 23: Subtask merge_forecast_into_final_table
[2025-03-05T22:04:09.474+0000] {task_command.py:467} INFO - Running <TaskInstance: forecast_stock_prices.merge_forecast_into_final_table manual__2025-03-05T22:04:01.281765+00:00 [running]> on host 83a9dc73146e
[2025-03-05T22:04:09.501+0000] {taskinstance.py:3131} INFO - Exporting env vars: AIRFLOW_CTX_DAG_OWNER='***' AIRFLOW_CTX_DAG_ID='forecast_stock_prices' AIRFLOW_CTX_TASK_ID='merge_forecast_into_final_table' AIRFLOW_CTX_EXECUTION_DATE='2025-03-05T22:04:01.281765+00:00' AIRFLOW_CTX_TRY_NUMBER='1' AIRFLOW_CTX_DAG_RUN_ID='manual__2025-03-05T22:04:01.281765+00:00'
[2025-03-05T22:04:09.501+0000] {taskinstance.py:731} INFO - ::endgroup::
[2025-03-05T22:04:09.506+0000] {base.py:84} INFO - Retrieving connection 'snowflake_conn'
[2025-03-05T22:04:09.507+0000] {connection.py:413} INFO - Snowflake Connector for Python Version: 3.12.1, Python Version: 3.12.5, Platform: Linux-6.12.5-linuxkit-aarch64-with-glibc2.36
[2025-03-05T22:04:09.508+0000] {connection.py:1196} INFO - Connecting to GLOBAL Snowflake domain
[2025-03-05T22:04:09.509+0000] {connection.py:1277} INFO - This connection is in OCSP Fail Open Mode. TLS Certificates would be checked for validity and revocation status. Any other Certificate Revocation related exceptions or OCSP Responder failures would be disregarded in favor of connectivity.
[2025-03-05T22:04:09.960+0000] {cursor.py:1156} INFO - Number of results in first chunk: 1
[2025-03-05T22:04:11.379+0000] {cursor.py:1156} INFO - Number of results in first chunk: 1
[2025-03-05T22:04:11.508+0000] {cursor.py:1156} INFO - Number of results in first chunk: 1
[2025-03-05T22:04:11.508+0000] {python.py:240} INFO - Done. Returned value was: None
[2025-03-05T22:04:11.512+0000] {taskinstance.py:340} INFO - ::group::Post task execution logs
[2025-03-05T22:04:11.512+0000] {taskinstance.py:352} INFO - Marking task as SUCCESS. dag_id=forecast_stock_prices, task_id=merge_forecast_into_final_table, run_id=manual__2025-03-05T22:04:01.281765+00:00, execution_date=20250305T220401, start_date=20250305T220409, end_date=20250305T220411
[2025-03-05T22:04:11.520+0000] {local_task_job_runner.py:266} INFO - Task exited with return code 0
[2025-03-05T22:04:11.527+0000] {taskinstance.py:3900} INFO - 0 downstream tasks scheduled from follow-on schedule check
[2025-03-05T22:04:11.527+0000] {local_task_job_runner.py:245} INFO - ::endgroup::
