[2025-03-05T18:59:12.660+0000] {local_task_job_runner.py:123} INFO - ::group::Pre task execution logs
[2025-03-05T18:59:12.874+0000] {taskinstance.py:2612} INFO - Dependencies all met for dep_context=non-requeueable deps ti=<TaskInstance: extract_stock_data.fetch_stock_data scheduled__2025-03-04T09:00:00+00:00 [queued]>
[2025-03-05T18:59:13.049+0000] {taskinstance.py:2612} INFO - Dependencies all met for dep_context=requeueable deps ti=<TaskInstance: extract_stock_data.fetch_stock_data scheduled__2025-03-04T09:00:00+00:00 [queued]>
[2025-03-05T18:59:13.064+0000] {taskinstance.py:2865} INFO - Starting attempt 1 of 1
[2025-03-05T18:59:13.163+0000] {taskinstance.py:2888} INFO - Executing <Task(_PythonDecoratedOperator): fetch_stock_data> on 2025-03-04 09:00:00+00:00
[2025-03-05T18:59:13.450+0000] {logging_mixin.py:190} WARNING - /home/***/.local/lib/python3.12/site-packages/***/task/task_runner/standard_task_runner.py:70 DeprecationWarning: This process (pid=253) is multi-threaded, use of fork() may lead to deadlocks in the child.
[2025-03-05T18:59:13.314+0000] {standard_task_runner.py:104} INFO - Running: ['***', 'tasks', 'run', 'extract_stock_data', 'fetch_stock_data', 'scheduled__2025-03-04T09:00:00+00:00', '--job-id', '21', '--raw', '--subdir', 'DAGS_FOLDER/extract_stock_data.py', '--cfg-path', '/tmp/tmpi8mikcjn']
[2025-03-05T18:59:13.478+0000] {standard_task_runner.py:72} INFO - Started process 295 to run task
[2025-03-05T18:59:13.479+0000] {standard_task_runner.py:105} INFO - Job 21: Subtask fetch_stock_data
[2025-03-05T18:59:14.225+0000] {task_command.py:467} INFO - Running <TaskInstance: extract_stock_data.fetch_stock_data scheduled__2025-03-04T09:00:00+00:00 [running]> on host b5e859bcf78c
[2025-03-05T18:59:16.419+0000] {taskinstance.py:3131} INFO - Exporting env vars: AIRFLOW_CTX_DAG_OWNER='***' AIRFLOW_CTX_DAG_ID='extract_stock_data' AIRFLOW_CTX_TASK_ID='fetch_stock_data' AIRFLOW_CTX_EXECUTION_DATE='2025-03-04T09:00:00+00:00' AIRFLOW_CTX_TRY_NUMBER='1' AIRFLOW_CTX_DAG_RUN_ID='scheduled__2025-03-04T09:00:00+00:00'
[2025-03-05T18:59:16.422+0000] {taskinstance.py:731} INFO - ::endgroup::
[2025-03-05T18:59:16.485+0000] {logging_mixin.py:190} INFO - YF.download() has changed argument auto_adjust default to True
[2025-03-05T18:59:17.927+0000] {logging_mixin.py:190} WARNING - [*********************100%***********************]  1 of 1 completed
[2025-03-05T18:59:18.291+0000] {logging_mixin.py:190} WARNING - [*********************100%***********************]  1 of 1 completed
[2025-03-05T18:59:18.322+0000] {python.py:240} INFO - Done. Returned value was: ['/tmp/AAPL_data.csv', '/tmp/NVDA_data.csv']
[2025-03-05T18:59:18.500+0000] {taskinstance.py:340} INFO - ::group::Post task execution logs
[2025-03-05T18:59:18.502+0000] {taskinstance.py:352} INFO - Marking task as SUCCESS. dag_id=extract_stock_data, task_id=fetch_stock_data, run_id=scheduled__2025-03-04T09:00:00+00:00, execution_date=20250304T090000, start_date=20250305T185912, end_date=20250305T185918
[2025-03-05T18:59:18.845+0000] {local_task_job_runner.py:266} INFO - Task exited with return code 0
[2025-03-05T18:59:18.942+0000] {local_task_job_runner.py:245} INFO - ::endgroup::
