[2025-03-05T22:04:04.430+0000] {local_task_job_runner.py:123} INFO - ::group::Pre task execution logs
[2025-03-05T22:04:04.435+0000] {taskinstance.py:2612} INFO - Dependencies all met for dep_context=non-requeueable deps ti=<TaskInstance: forecast_stock_prices.train_and_forecast manual__2025-03-05T22:04:01.281765+00:00 [queued]>
[2025-03-05T22:04:04.437+0000] {taskinstance.py:2612} INFO - Dependencies all met for dep_context=requeueable deps ti=<TaskInstance: forecast_stock_prices.train_and_forecast manual__2025-03-05T22:04:01.281765+00:00 [queued]>
[2025-03-05T22:04:04.437+0000] {taskinstance.py:2865} INFO - Starting attempt 1 of 1
[2025-03-05T22:04:04.440+0000] {taskinstance.py:2888} INFO - Executing <Task(_PythonDecoratedOperator): train_and_forecast> on 2025-03-05 22:04:01.281765+00:00
[2025-03-05T22:04:04.444+0000] {logging_mixin.py:190} WARNING - /home/***/.local/lib/python3.12/site-packages/***/task/task_runner/standard_task_runner.py:70 DeprecationWarning: This process (pid=2173) is multi-threaded, use of fork() may lead to deadlocks in the child.
[2025-03-05T22:04:04.444+0000] {standard_task_runner.py:72} INFO - Started process 2183 to run task
[2025-03-05T22:04:04.444+0000] {standard_task_runner.py:104} INFO - Running: ['***', 'tasks', 'run', 'forecast_stock_prices', 'train_and_forecast', 'manual__2025-03-05T22:04:01.281765+00:00', '--job-id', '21', '--raw', '--subdir', 'DAGS_FOLDER/forecast_stock_prices.py', '--cfg-path', '/tmp/tmpmqjobdvz']
[2025-03-05T22:04:04.445+0000] {standard_task_runner.py:105} INFO - Job 21: Subtask train_and_forecast
[2025-03-05T22:04:04.459+0000] {task_command.py:467} INFO - Running <TaskInstance: forecast_stock_prices.train_and_forecast manual__2025-03-05T22:04:01.281765+00:00 [running]> on host 83a9dc73146e
[2025-03-05T22:04:04.516+0000] {taskinstance.py:3131} INFO - Exporting env vars: AIRFLOW_CTX_DAG_OWNER='***' AIRFLOW_CTX_DAG_ID='forecast_stock_prices' AIRFLOW_CTX_TASK_ID='train_and_forecast' AIRFLOW_CTX_EXECUTION_DATE='2025-03-05T22:04:01.281765+00:00' AIRFLOW_CTX_TRY_NUMBER='1' AIRFLOW_CTX_DAG_RUN_ID='manual__2025-03-05T22:04:01.281765+00:00'
[2025-03-05T22:04:04.516+0000] {taskinstance.py:731} INFO - ::endgroup::
[2025-03-05T22:04:04.519+0000] {logging_mixin.py:190} WARNING - /home/***/.local/lib/python3.12/site-packages/statsmodels/tsa/base/tsa_model.py:473 ValueWarning: A date index has been provided, but it has no associated frequency information and so will be ignored when e.g. forecasting.
[2025-03-05T22:04:04.545+0000] {logging_mixin.py:190} WARNING - /home/***/.local/lib/python3.12/site-packages/statsmodels/tsa/base/tsa_model.py:837 ValueWarning: No supported index is available. Prediction results will be given with an integer index beginning at `start`.
[2025-03-05T22:04:04.545+0000] {logging_mixin.py:190} WARNING - /home/***/.local/lib/python3.12/site-packages/statsmodels/tsa/base/tsa_model.py:837 FutureWarning: No supported index is available. In the next version, calling this method in a model without a supported index will result in an exception.
[2025-03-05T22:04:04.549+0000] {logging_mixin.py:190} WARNING - /home/***/.local/lib/python3.12/site-packages/statsmodels/tsa/base/tsa_model.py:473 ValueWarning: A date index has been provided, but it has no associated frequency information and so will be ignored when e.g. forecasting.
[2025-03-05T22:04:04.567+0000] {logging_mixin.py:190} WARNING - /home/***/.local/lib/python3.12/site-packages/statsmodels/tsa/base/tsa_model.py:837 ValueWarning: No supported index is available. Prediction results will be given with an integer index beginning at `start`.
[2025-03-05T22:04:04.568+0000] {logging_mixin.py:190} WARNING - /home/***/.local/lib/python3.12/site-packages/statsmodels/tsa/base/tsa_model.py:837 FutureWarning: No supported index is available. In the next version, calling this method in a model without a supported index will result in an exception.
[2025-03-05T22:04:04.570+0000] {python.py:240} INFO - Done. Returned value was: [('AAPL', '2025-03-05', 235.24153465094756), ('AAPL', '2025-03-06', 236.10561927228667), ('AAPL', '2025-03-07', 235.96363580108644), ('AAPL', '2025-03-08', 236.00794777200818), ('AAPL', '2025-03-09', 235.91916710301965), ('AAPL', '2025-03-10', 236.02019484916715), ('AAPL', '2025-03-11', 235.98059635687318), ('NVDA', '2025-03-05', 114.17691850153759), ('NVDA', '2025-03-06', 117.10427426230835), ('NVDA', '2025-03-07', 116.7416679001361), ('NVDA', '2025-03-08', 118.25298704720404), ('NVDA', '2025-03-09', 117.5465974015322), ('NVDA', '2025-03-10', 117.77523880776313), ('NVDA', '2025-03-11', 117.1731659992419)]
[2025-03-05T22:04:04.587+0000] {taskinstance.py:340} INFO - ::group::Post task execution logs
[2025-03-05T22:04:04.587+0000] {taskinstance.py:352} INFO - Marking task as SUCCESS. dag_id=forecast_stock_prices, task_id=train_and_forecast, run_id=manual__2025-03-05T22:04:01.281765+00:00, execution_date=20250305T220401, start_date=20250305T220404, end_date=20250305T220404
[2025-03-05T22:04:04.626+0000] {local_task_job_runner.py:266} INFO - Task exited with return code 0
[2025-03-05T22:04:04.634+0000] {taskinstance.py:3900} INFO - 1 downstream tasks scheduled from follow-on schedule check
[2025-03-05T22:04:04.635+0000] {local_task_job_runner.py:245} INFO - ::endgroup::
