[2025-03-05T04:48:18.538+0000] {local_task_job_runner.py:123} INFO - ::group::Pre task execution logs
[2025-03-05T04:48:18.598+0000] {taskinstance.py:2612} INFO - Dependencies all met for dep_context=non-requeueable deps ti=<TaskInstance: extract_stock_data.fetch_stock_data manual__2025-03-05T04:48:09.764846+00:00 [queued]>
[2025-03-05T04:48:18.618+0000] {taskinstance.py:2612} INFO - Dependencies all met for dep_context=requeueable deps ti=<TaskInstance: extract_stock_data.fetch_stock_data manual__2025-03-05T04:48:09.764846+00:00 [queued]>
[2025-03-05T04:48:18.619+0000] {taskinstance.py:2865} INFO - Starting attempt 1 of 1
[2025-03-05T04:48:18.666+0000] {taskinstance.py:2888} INFO - Executing <Task(_PythonDecoratedOperator): fetch_stock_data> on 2025-03-05 04:48:09.764846+00:00
[2025-03-05T04:48:18.870+0000] {logging_mixin.py:190} WARNING - /home/***/.local/lib/python3.12/site-packages/***/task/task_runner/standard_task_runner.py:70 DeprecationWarning: This process (pid=709) is multi-threaded, use of fork() may lead to deadlocks in the child.
[2025-03-05T04:48:18.902+0000] {standard_task_runner.py:72} INFO - Started process 712 to run task
[2025-03-05T04:48:18.869+0000] {standard_task_runner.py:104} INFO - Running: ['***', 'tasks', 'run', 'extract_stock_data', 'fetch_stock_data', 'manual__2025-03-05T04:48:09.764846+00:00', '--job-id', '10', '--raw', '--subdir', 'DAGS_FOLDER/extract_stock_data.py', '--cfg-path', '/tmp/tmp_fmqnfvo']
[2025-03-05T04:48:18.926+0000] {standard_task_runner.py:105} INFO - Job 10: Subtask fetch_stock_data
[2025-03-05T04:48:21.406+0000] {task_command.py:467} INFO - Running <TaskInstance: extract_stock_data.fetch_stock_data manual__2025-03-05T04:48:09.764846+00:00 [running]> on host 0d515916445a
[2025-03-05T04:48:22.019+0000] {taskinstance.py:3131} INFO - Exporting env vars: AIRFLOW_CTX_DAG_OWNER='***' AIRFLOW_CTX_DAG_ID='extract_stock_data' AIRFLOW_CTX_TASK_ID='fetch_stock_data' AIRFLOW_CTX_EXECUTION_DATE='2025-03-05T04:48:09.764846+00:00' AIRFLOW_CTX_TRY_NUMBER='1' AIRFLOW_CTX_DAG_RUN_ID='manual__2025-03-05T04:48:09.764846+00:00'
[2025-03-05T04:48:22.121+0000] {taskinstance.py:731} INFO - ::endgroup::
[2025-03-05T04:48:22.264+0000] {logging_mixin.py:190} INFO - YF.download() has changed argument auto_adjust default to True
[2025-03-05T04:48:24.013+0000] {logging_mixin.py:190} WARNING - [*********************100%***********************]  1 of 1 completed
[2025-03-05T04:48:24.306+0000] {logging_mixin.py:190} WARNING - [*********************100%***********************]  1 of 1 completed
[2025-03-05T04:48:24.330+0000] {python.py:240} INFO - Done. Returned value was: ['/tmp/AAPL_data.csv', '/tmp/NVDA_data.csv']
[2025-03-05T04:48:25.054+0000] {taskinstance.py:340} INFO - ::group::Post task execution logs
[2025-03-05T04:48:25.058+0000] {taskinstance.py:352} INFO - Marking task as SUCCESS. dag_id=extract_stock_data, task_id=fetch_stock_data, run_id=manual__2025-03-05T04:48:09.764846+00:00, execution_date=20250305T044809, start_date=20250305T044818, end_date=20250305T044825
[2025-03-05T04:48:25.272+0000] {local_task_job_runner.py:266} INFO - Task exited with return code 0
[2025-03-05T04:48:25.386+0000] {taskinstance.py:3900} INFO - 1 downstream tasks scheduled from follow-on schedule check
[2025-03-05T04:48:25.397+0000] {local_task_job_runner.py:245} INFO - ::endgroup::
