[2025-03-05T02:06:25.881+0000] {local_task_job_runner.py:123} INFO - ::group::Pre task execution logs
[2025-03-05T02:06:25.935+0000] {taskinstance.py:2612} INFO - Dependencies all met for dep_context=non-requeueable deps ti=<TaskInstance: extract_stock_data.fetch_stock_data manual__2025-03-05T02:06:11.570538+00:00 [queued]>
[2025-03-05T02:06:25.951+0000] {taskinstance.py:2612} INFO - Dependencies all met for dep_context=requeueable deps ti=<TaskInstance: extract_stock_data.fetch_stock_data manual__2025-03-05T02:06:11.570538+00:00 [queued]>
[2025-03-05T02:06:25.953+0000] {taskinstance.py:2865} INFO - Starting attempt 1 of 1
[2025-03-05T02:06:25.978+0000] {taskinstance.py:2888} INFO - Executing <Task(_PythonDecoratedOperator): fetch_stock_data> on 2025-03-05 02:06:11.570538+00:00
[2025-03-05T02:06:26.009+0000] {logging_mixin.py:190} WARNING - /home/***/.local/lib/python3.12/site-packages/***/task/task_runner/standard_task_runner.py:70 DeprecationWarning: This process (pid=458) is multi-threaded, use of fork() may lead to deadlocks in the child.
[2025-03-05T02:06:26.012+0000] {standard_task_runner.py:72} INFO - Started process 466 to run task
[2025-03-05T02:06:26.009+0000] {standard_task_runner.py:104} INFO - Running: ['***', 'tasks', 'run', 'extract_stock_data', 'fetch_stock_data', 'manual__2025-03-05T02:06:11.570538+00:00', '--job-id', '13', '--raw', '--subdir', 'DAGS_FOLDER/extract_stock_data.py', '--cfg-path', '/tmp/tmp9il4mojm']
[2025-03-05T02:06:26.018+0000] {standard_task_runner.py:105} INFO - Job 13: Subtask fetch_stock_data
[2025-03-05T02:06:26.190+0000] {task_command.py:467} INFO - Running <TaskInstance: extract_stock_data.fetch_stock_data manual__2025-03-05T02:06:11.570538+00:00 [running]> on host 53b5cd688e7b
[2025-03-05T02:06:26.465+0000] {taskinstance.py:3131} INFO - Exporting env vars: AIRFLOW_CTX_DAG_OWNER='***' AIRFLOW_CTX_DAG_ID='extract_stock_data' AIRFLOW_CTX_TASK_ID='fetch_stock_data' AIRFLOW_CTX_EXECUTION_DATE='2025-03-05T02:06:11.570538+00:00' AIRFLOW_CTX_TRY_NUMBER='1' AIRFLOW_CTX_DAG_RUN_ID='manual__2025-03-05T02:06:11.570538+00:00'
[2025-03-05T02:06:26.474+0000] {taskinstance.py:731} INFO - ::endgroup::
[2025-03-05T02:06:26.496+0000] {logging_mixin.py:190} INFO - YF.download() has changed argument auto_adjust default to True
[2025-03-05T02:06:27.274+0000] {logging_mixin.py:190} WARNING - [*********************100%***********************]  1 of 1 completed
[2025-03-05T02:06:27.685+0000] {logging_mixin.py:190} WARNING - [*********************100%***********************]  1 of 1 completed
[2025-03-05T02:06:27.701+0000] {python.py:240} INFO - Done. Returned value was: ['/tmp/AAPL_data.csv', '/tmp/NVDA_data.csv']
[2025-03-05T02:06:27.765+0000] {taskinstance.py:340} INFO - ::group::Post task execution logs
[2025-03-05T02:06:27.766+0000] {taskinstance.py:352} INFO - Marking task as SUCCESS. dag_id=extract_stock_data, task_id=fetch_stock_data, run_id=manual__2025-03-05T02:06:11.570538+00:00, execution_date=20250305T020611, start_date=20250305T020625, end_date=20250305T020627
[2025-03-05T02:06:27.800+0000] {local_task_job_runner.py:266} INFO - Task exited with return code 0
[2025-03-05T02:06:27.835+0000] {taskinstance.py:3900} INFO - 1 downstream tasks scheduled from follow-on schedule check
[2025-03-05T02:06:27.839+0000] {local_task_job_runner.py:245} INFO - ::endgroup::
