[2025-03-05T23:41:40.720+0000] {local_task_job_runner.py:123} INFO - ::group::Pre task execution logs
[2025-03-05T23:41:40.725+0000] {taskinstance.py:2612} INFO - Dependencies all met for dep_context=non-requeueable deps ti=<TaskInstance: forecast_stock_prices.train_and_forecast manual__2025-03-05T23:41:37.491429+00:00 [queued]>
[2025-03-05T23:41:40.728+0000] {taskinstance.py:2612} INFO - Dependencies all met for dep_context=requeueable deps ti=<TaskInstance: forecast_stock_prices.train_and_forecast manual__2025-03-05T23:41:37.491429+00:00 [queued]>
[2025-03-05T23:41:40.728+0000] {taskinstance.py:2865} INFO - Starting attempt 1 of 1
[2025-03-05T23:41:40.731+0000] {taskinstance.py:2888} INFO - Executing <Task(_PythonDecoratedOperator): train_and_forecast> on 2025-03-05 23:41:37.491429+00:00
[2025-03-05T23:41:40.735+0000] {logging_mixin.py:190} WARNING - /home/***/.local/lib/python3.12/site-packages/***/task/task_runner/standard_task_runner.py:70 DeprecationWarning: This process (pid=324) is multi-threaded, use of fork() may lead to deadlocks in the child.
[2025-03-05T23:41:40.736+0000] {standard_task_runner.py:72} INFO - Started process 334 to run task
[2025-03-05T23:41:40.735+0000] {standard_task_runner.py:104} INFO - Running: ['***', 'tasks', 'run', 'forecast_stock_prices', 'train_and_forecast', 'manual__2025-03-05T23:41:37.491429+00:00', '--job-id', '45', '--raw', '--subdir', 'DAGS_FOLDER/forecast_stock_prices.py', '--cfg-path', '/tmp/tmpda0q0fx5']
[2025-03-05T23:41:40.736+0000] {standard_task_runner.py:105} INFO - Job 45: Subtask train_and_forecast
[2025-03-05T23:41:40.754+0000] {task_command.py:467} INFO - Running <TaskInstance: forecast_stock_prices.train_and_forecast manual__2025-03-05T23:41:37.491429+00:00 [running]> on host e79e9b291484
[2025-03-05T23:41:40.807+0000] {taskinstance.py:3131} INFO - Exporting env vars: AIRFLOW_CTX_DAG_OWNER='***' AIRFLOW_CTX_DAG_ID='forecast_stock_prices' AIRFLOW_CTX_TASK_ID='train_and_forecast' AIRFLOW_CTX_EXECUTION_DATE='2025-03-05T23:41:37.491429+00:00' AIRFLOW_CTX_TRY_NUMBER='1' AIRFLOW_CTX_DAG_RUN_ID='manual__2025-03-05T23:41:37.491429+00:00'
[2025-03-05T23:41:40.808+0000] {taskinstance.py:731} INFO - ::endgroup::
[2025-03-05T23:41:40.810+0000] {logging_mixin.py:190} WARNING - /home/***/.local/lib/python3.12/site-packages/statsmodels/tsa/base/tsa_model.py:473 ValueWarning: A date index has been provided, but it has no associated frequency information and so will be ignored when e.g. forecasting.
[2025-03-05T23:41:40.847+0000] {logging_mixin.py:190} WARNING - /home/***/.local/lib/python3.12/site-packages/statsmodels/tsa/base/tsa_model.py:837 ValueWarning: No supported index is available. Prediction results will be given with an integer index beginning at `start`.
[2025-03-05T23:41:40.849+0000] {logging_mixin.py:190} WARNING - /home/***/.local/lib/python3.12/site-packages/statsmodels/tsa/base/tsa_model.py:837 FutureWarning: No supported index is available. In the next version, calling this method in a model without a supported index will result in an exception.
[2025-03-05T23:41:40.853+0000] {logging_mixin.py:190} WARNING - /home/***/.local/lib/python3.12/site-packages/statsmodels/tsa/base/tsa_model.py:473 ValueWarning: A date index has been provided, but it has no associated frequency information and so will be ignored when e.g. forecasting.
[2025-03-05T23:41:40.888+0000] {logging_mixin.py:190} WARNING - /home/***/.local/lib/python3.12/site-packages/statsmodels/tsa/base/tsa_model.py:837 ValueWarning: No supported index is available. Prediction results will be given with an integer index beginning at `start`.
[2025-03-05T23:41:40.889+0000] {logging_mixin.py:190} WARNING - /home/***/.local/lib/python3.12/site-packages/statsmodels/tsa/base/tsa_model.py:837 FutureWarning: No supported index is available. In the next version, calling this method in a model without a supported index will result in an exception.
[2025-03-05T23:41:40.892+0000] {python.py:240} INFO - Done. Returned value was: [('GOOGL', '2025-03-05', 170.75190793932381), ('GOOGL', '2025-03-06', 171.23661175037515), ('GOOGL', '2025-03-07', 170.87775680049526), ('GOOGL', '2025-03-08', 170.88884741713278), ('GOOGL', '2025-03-09', 170.77722906988055), ('GOOGL', '2025-03-10', 170.80675816597477), ('GOOGL', '2025-03-11', 170.80128310192208), ('TSLA', '2025-03-05', 271.8559500372923), ('TSLA', '2025-03-06', 271.0347316544081), ('TSLA', '2025-03-07', 271.25748735383877), ('TSLA', '2025-03-08', 272.3299261671377), ('TSLA', '2025-03-09', 272.8064981343754), ('TSLA', '2025-03-10', 272.9293744965046), ('TSLA', '2025-03-11', 272.95681013613336)]
[2025-03-05T23:41:40.913+0000] {taskinstance.py:340} INFO - ::group::Post task execution logs
[2025-03-05T23:41:40.915+0000] {taskinstance.py:352} INFO - Marking task as SUCCESS. dag_id=forecast_stock_prices, task_id=train_and_forecast, run_id=manual__2025-03-05T23:41:37.491429+00:00, execution_date=20250305T234137, start_date=20250305T234140, end_date=20250305T234140
[2025-03-05T23:41:40.956+0000] {local_task_job_runner.py:266} INFO - Task exited with return code 0
[2025-03-05T23:41:40.965+0000] {taskinstance.py:3900} INFO - 1 downstream tasks scheduled from follow-on schedule check
[2025-03-05T23:41:40.966+0000] {local_task_job_runner.py:245} INFO - ::endgroup::
