[2025-03-05T23:03:37.790+0000] {local_task_job_runner.py:123} INFO - ::group::Pre task execution logs
[2025-03-05T23:03:37.795+0000] {taskinstance.py:2612} INFO - Dependencies all met for dep_context=non-requeueable deps ti=<TaskInstance: forecast_stock_prices.fetch_data_from_snowflake manual__2025-03-05T23:03:36.751861+00:00 [queued]>
[2025-03-05T23:03:37.797+0000] {taskinstance.py:2612} INFO - Dependencies all met for dep_context=requeueable deps ti=<TaskInstance: forecast_stock_prices.fetch_data_from_snowflake manual__2025-03-05T23:03:36.751861+00:00 [queued]>
[2025-03-05T23:03:37.797+0000] {taskinstance.py:2865} INFO - Starting attempt 1 of 1
[2025-03-05T23:03:37.801+0000] {taskinstance.py:2888} INFO - Executing <Task(_PythonDecoratedOperator): fetch_data_from_snowflake> on 2025-03-05 23:03:36.751861+00:00
[2025-03-05T23:03:37.804+0000] {logging_mixin.py:190} WARNING - /home/***/.local/lib/python3.12/site-packages/***/task/task_runner/standard_task_runner.py:70 DeprecationWarning: This process (pid=313) is multi-threaded, use of fork() may lead to deadlocks in the child.
[2025-03-05T23:03:37.805+0000] {standard_task_runner.py:72} INFO - Started process 323 to run task
[2025-03-05T23:03:37.804+0000] {standard_task_runner.py:104} INFO - Running: ['***', 'tasks', 'run', 'forecast_stock_prices', 'fetch_data_from_snowflake', 'manual__2025-03-05T23:03:36.751861+00:00', '--job-id', '29', '--raw', '--subdir', 'DAGS_FOLDER/forecast_stock_prices.py', '--cfg-path', '/tmp/tmpz31nwe4r']
[2025-03-05T23:03:37.805+0000] {standard_task_runner.py:105} INFO - Job 29: Subtask fetch_data_from_snowflake
[2025-03-05T23:03:37.822+0000] {task_command.py:467} INFO - Running <TaskInstance: forecast_stock_prices.fetch_data_from_snowflake manual__2025-03-05T23:03:36.751861+00:00 [running]> on host 48a2c6bad219
[2025-03-05T23:03:37.848+0000] {taskinstance.py:3131} INFO - Exporting env vars: AIRFLOW_CTX_DAG_OWNER='***' AIRFLOW_CTX_DAG_ID='forecast_stock_prices' AIRFLOW_CTX_TASK_ID='fetch_data_from_snowflake' AIRFLOW_CTX_EXECUTION_DATE='2025-03-05T23:03:36.751861+00:00' AIRFLOW_CTX_TRY_NUMBER='1' AIRFLOW_CTX_DAG_RUN_ID='manual__2025-03-05T23:03:36.751861+00:00'
[2025-03-05T23:03:37.849+0000] {taskinstance.py:731} INFO - ::endgroup::
[2025-03-05T23:03:37.854+0000] {base.py:84} INFO - Retrieving connection 'snowflake_conn'
[2025-03-05T23:03:37.855+0000] {connection.py:413} INFO - Snowflake Connector for Python Version: 3.12.1, Python Version: 3.12.5, Platform: Linux-6.12.5-linuxkit-aarch64-with-glibc2.36
[2025-03-05T23:03:37.855+0000] {connection.py:1196} INFO - Connecting to GLOBAL Snowflake domain
[2025-03-05T23:03:37.855+0000] {connection.py:1277} INFO - This connection is in OCSP Fail Open Mode. TLS Certificates would be checked for validity and revocation status. Any other Certificate Revocation related exceptions or OCSP Responder failures would be disregarded in favor of connectivity.
[2025-03-05T23:03:38.416+0000] {cursor.py:1156} INFO - Number of results in first chunk: 122
[2025-03-05T23:03:38.861+0000] {cursor.py:1156} INFO - Number of results in first chunk: 122
[2025-03-05T23:03:38.861+0000] {python.py:240} INFO - Done. Returned value was: {'GOOGL':           date       close
0   2024-09-06  150.547455
1   2024-09-09  148.539764
2   2024-09-10  148.489822
3   2024-09-11  150.986954
4   2024-09-12  154.512924
..         ...         ...
117 2025-02-26  172.729996
118 2025-02-27  168.500000
119 2025-02-28  170.279999
120 2025-03-03  167.009995
121 2025-03-04  170.919998

[122 rows x 2 columns], 'TSLA':           date       close
0   2024-09-06  210.729996
1   2024-09-09  216.270004
2   2024-09-10  226.169998
3   2024-09-11  228.130005
4   2024-09-12  229.809998
..         ...         ...
117 2025-02-26  290.799988
118 2025-02-27  281.950012
119 2025-02-28  292.980011
120 2025-03-03  284.649994
121 2025-03-04  272.040009

[122 rows x 2 columns]}
[2025-03-05T23:03:38.892+0000] {taskinstance.py:340} INFO - ::group::Post task execution logs
[2025-03-05T23:03:38.893+0000] {taskinstance.py:352} INFO - Marking task as SUCCESS. dag_id=forecast_stock_prices, task_id=fetch_data_from_snowflake, run_id=manual__2025-03-05T23:03:36.751861+00:00, execution_date=20250305T230336, start_date=20250305T230337, end_date=20250305T230338
[2025-03-05T23:03:38.901+0000] {local_task_job_runner.py:266} INFO - Task exited with return code 0
[2025-03-05T23:03:38.910+0000] {taskinstance.py:3900} INFO - 1 downstream tasks scheduled from follow-on schedule check
[2025-03-05T23:03:38.910+0000] {local_task_job_runner.py:245} INFO - ::endgroup::
