[2025-03-05T03:12:17.594+0000] {local_task_job_runner.py:123} INFO - ::group::Pre task execution logs
[2025-03-05T03:12:17.616+0000] {taskinstance.py:2612} INFO - Dependencies all met for dep_context=non-requeueable deps ti=<TaskInstance: extract_stock_data.fetch_stock_data manual__2025-03-05T03:12:02.782153+00:00 [queued]>
[2025-03-05T03:12:17.627+0000] {taskinstance.py:2612} INFO - Dependencies all met for dep_context=requeueable deps ti=<TaskInstance: extract_stock_data.fetch_stock_data manual__2025-03-05T03:12:02.782153+00:00 [queued]>
[2025-03-05T03:12:17.629+0000] {taskinstance.py:2865} INFO - Starting attempt 1 of 1
[2025-03-05T03:12:17.645+0000] {taskinstance.py:2888} INFO - Executing <Task(_PythonDecoratedOperator): fetch_stock_data> on 2025-03-05 03:12:02.782153+00:00
[2025-03-05T03:12:17.682+0000] {logging_mixin.py:190} WARNING - /home/***/.local/lib/python3.12/site-packages/***/task/task_runner/standard_task_runner.py:70 DeprecationWarning: This process (pid=773) is multi-threaded, use of fork() may lead to deadlocks in the child.
[2025-03-05T03:12:17.685+0000] {standard_task_runner.py:72} INFO - Started process 782 to run task
[2025-03-05T03:12:17.694+0000] {standard_task_runner.py:104} INFO - Running: ['***', 'tasks', 'run', 'extract_stock_data', 'fetch_stock_data', 'manual__2025-03-05T03:12:02.782153+00:00', '--job-id', '32', '--raw', '--subdir', 'DAGS_FOLDER/extract_stock_data.py', '--cfg-path', '/tmp/tmpr3u8tyqb']
[2025-03-05T03:12:17.701+0000] {standard_task_runner.py:105} INFO - Job 32: Subtask fetch_stock_data
[2025-03-05T03:12:17.862+0000] {task_command.py:467} INFO - Running <TaskInstance: extract_stock_data.fetch_stock_data manual__2025-03-05T03:12:02.782153+00:00 [running]> on host ed517ed82b96
[2025-03-05T03:12:18.144+0000] {taskinstance.py:3131} INFO - Exporting env vars: AIRFLOW_CTX_DAG_OWNER='***' AIRFLOW_CTX_DAG_ID='extract_stock_data' AIRFLOW_CTX_TASK_ID='fetch_stock_data' AIRFLOW_CTX_EXECUTION_DATE='2025-03-05T03:12:02.782153+00:00' AIRFLOW_CTX_TRY_NUMBER='1' AIRFLOW_CTX_DAG_RUN_ID='manual__2025-03-05T03:12:02.782153+00:00'
[2025-03-05T03:12:18.148+0000] {taskinstance.py:731} INFO - ::endgroup::
[2025-03-05T03:12:18.159+0000] {logging_mixin.py:190} INFO - YF.download() has changed argument auto_adjust default to True
[2025-03-05T03:12:18.781+0000] {logging_mixin.py:190} WARNING - [*********************100%***********************]  1 of 1 completed
[2025-03-05T03:12:18.968+0000] {logging_mixin.py:190} WARNING - [*********************100%***********************]  1 of 1 completed
[2025-03-05T03:12:18.993+0000] {python.py:240} INFO - Done. Returned value was: ['/tmp/AAPL_data.csv', '/tmp/NVDA_data.csv']
[2025-03-05T03:12:19.057+0000] {taskinstance.py:340} INFO - ::group::Post task execution logs
[2025-03-05T03:12:19.063+0000] {taskinstance.py:352} INFO - Marking task as SUCCESS. dag_id=extract_stock_data, task_id=fetch_stock_data, run_id=manual__2025-03-05T03:12:02.782153+00:00, execution_date=20250305T031202, start_date=20250305T031217, end_date=20250305T031219
[2025-03-05T03:12:19.173+0000] {local_task_job_runner.py:266} INFO - Task exited with return code 0
[2025-03-05T03:12:19.258+0000] {taskinstance.py:3900} INFO - 1 downstream tasks scheduled from follow-on schedule check
[2025-03-05T03:12:19.290+0000] {local_task_job_runner.py:245} INFO - ::endgroup::
