[2025-03-05T18:59:59.649+0000] {local_task_job_runner.py:123} INFO - ::group::Pre task execution logs
[2025-03-05T18:59:59.851+0000] {taskinstance.py:2612} INFO - Dependencies all met for dep_context=non-requeueable deps ti=<TaskInstance: forecast_stock_prices.train_and_forecast scheduled__2025-03-04T10:00:00+00:00 [queued]>
[2025-03-05T18:59:59.895+0000] {taskinstance.py:2612} INFO - Dependencies all met for dep_context=requeueable deps ti=<TaskInstance: forecast_stock_prices.train_and_forecast scheduled__2025-03-04T10:00:00+00:00 [queued]>
[2025-03-05T18:59:59.900+0000] {taskinstance.py:2865} INFO - Starting attempt 1 of 1
[2025-03-05T18:59:59.994+0000] {taskinstance.py:2888} INFO - Executing <Task(_PythonDecoratedOperator): train_and_forecast> on 2025-03-04 10:00:00+00:00
[2025-03-05T19:00:00.063+0000] {standard_task_runner.py:104} INFO - Running: ['***', 'tasks', 'run', 'forecast_stock_prices', 'train_and_forecast', 'scheduled__2025-03-04T10:00:00+00:00', '--job-id', '24', '--raw', '--subdir', 'DAGS_FOLDER/forecast_stock_prices.py', '--cfg-path', '/tmp/tmpdete57l7']
[2025-03-05T19:00:00.073+0000] {logging_mixin.py:190} WARNING - /home/***/.local/lib/python3.12/site-packages/***/task/task_runner/standard_task_runner.py:70 DeprecationWarning: This process (pid=319) is multi-threaded, use of fork() may lead to deadlocks in the child.
[2025-03-05T19:00:00.095+0000] {standard_task_runner.py:105} INFO - Job 24: Subtask train_and_forecast
[2025-03-05T19:00:00.096+0000] {standard_task_runner.py:72} INFO - Started process 350 to run task
[2025-03-05T19:00:00.423+0000] {task_command.py:467} INFO - Running <TaskInstance: forecast_stock_prices.train_and_forecast scheduled__2025-03-04T10:00:00+00:00 [running]> on host b5e859bcf78c
[2025-03-05T19:00:01.415+0000] {taskinstance.py:3131} INFO - Exporting env vars: AIRFLOW_CTX_DAG_OWNER='***' AIRFLOW_CTX_DAG_ID='forecast_stock_prices' AIRFLOW_CTX_TASK_ID='train_and_forecast' AIRFLOW_CTX_EXECUTION_DATE='2025-03-04T10:00:00+00:00' AIRFLOW_CTX_TRY_NUMBER='1' AIRFLOW_CTX_DAG_RUN_ID='scheduled__2025-03-04T10:00:00+00:00'
[2025-03-05T19:00:01.424+0000] {taskinstance.py:731} INFO - ::endgroup::
[2025-03-05T19:00:01.473+0000] {logging_mixin.py:190} WARNING - /home/***/.local/lib/python3.12/site-packages/statsmodels/tsa/base/tsa_model.py:473 ValueWarning: A date index has been provided, but it has no associated frequency information and so will be ignored when e.g. forecasting.
[2025-03-05T19:00:03.090+0000] {logging_mixin.py:190} WARNING - /home/***/.local/lib/python3.12/site-packages/statsmodels/tsa/base/tsa_model.py:837 ValueWarning: No supported index is available. Prediction results will be given with an integer index beginning at `start`.
[2025-03-05T19:00:03.152+0000] {logging_mixin.py:190} WARNING - /home/***/.local/lib/python3.12/site-packages/statsmodels/tsa/base/tsa_model.py:837 FutureWarning: No supported index is available. In the next version, calling this method in a model without a supported index will result in an exception.
[2025-03-05T19:00:03.275+0000] {logging_mixin.py:190} WARNING - /home/***/.local/lib/python3.12/site-packages/statsmodels/tsa/base/tsa_model.py:473 ValueWarning: A date index has been provided, but it has no associated frequency information and so will be ignored when e.g. forecasting.
[2025-03-05T19:00:05.536+0000] {logging_mixin.py:190} WARNING - /home/***/.local/lib/python3.12/site-packages/statsmodels/tsa/base/tsa_model.py:837 ValueWarning: No supported index is available. Prediction results will be given with an integer index beginning at `start`.
[2025-03-05T19:00:05.551+0000] {logging_mixin.py:190} WARNING - /home/***/.local/lib/python3.12/site-packages/statsmodels/tsa/base/tsa_model.py:837 FutureWarning: No supported index is available. In the next version, calling this method in a model without a supported index will result in an exception.
[2025-03-05T19:00:05.569+0000] {python.py:240} INFO - Done. Returned value was: [('AAPL', '2025-03-05', 235.24153464717415), ('AAPL', '2025-03-06', 236.10561926931567), ('AAPL', '2025-03-07', 235.96363579606242), ('AAPL', '2025-03-08', 236.00794776531697), ('AAPL', '2025-03-09', 235.91916709506154), ('AAPL', '2025-03-10', 236.02019484197368), ('AAPL', '2025-03-11', 235.98059634980464), ('NVDA', '2025-03-05', 114.17691869668654), ('NVDA', '2025-03-06', 117.10427429179202), ('NVDA', '2025-03-07', 116.74166805919363), ('NVDA', '2025-03-08', 118.25298711845983), ('NVDA', '2025-03-09', 117.54659754514125), ('NVDA', '2025-03-10', 117.77523887968205), ('NVDA', '2025-03-11', 117.17316612216364)]
[2025-03-05T19:00:05.689+0000] {taskinstance.py:340} INFO - ::group::Post task execution logs
[2025-03-05T19:00:05.697+0000] {taskinstance.py:352} INFO - Marking task as SUCCESS. dag_id=forecast_stock_prices, task_id=train_and_forecast, run_id=scheduled__2025-03-04T10:00:00+00:00, execution_date=20250304T100000, start_date=20250305T185959, end_date=20250305T190005
[2025-03-05T19:00:05.897+0000] {local_task_job_runner.py:266} INFO - Task exited with return code 0
[2025-03-05T19:00:06.092+0000] {taskinstance.py:3900} INFO - 1 downstream tasks scheduled from follow-on schedule check
[2025-03-05T19:00:06.103+0000] {local_task_job_runner.py:245} INFO - ::endgroup::
