[2025-03-05T04:54:18.229+0000] {local_task_job_runner.py:123} INFO - ::group::Pre task execution logs
[2025-03-05T04:54:18.270+0000] {taskinstance.py:2612} INFO - Dependencies all met for dep_context=non-requeueable deps ti=<TaskInstance: forecast_stock_prices.fetch_data_from_snowflake manual__2025-03-05T04:54:03.935486+00:00 [queued]>
[2025-03-05T04:54:18.283+0000] {taskinstance.py:2612} INFO - Dependencies all met for dep_context=requeueable deps ti=<TaskInstance: forecast_stock_prices.fetch_data_from_snowflake manual__2025-03-05T04:54:03.935486+00:00 [queued]>
[2025-03-05T04:54:18.284+0000] {taskinstance.py:2865} INFO - Starting attempt 1 of 1
[2025-03-05T04:54:18.301+0000] {taskinstance.py:2888} INFO - Executing <Task(_PythonDecoratedOperator): fetch_data_from_snowflake> on 2025-03-05 04:54:03.935486+00:00
[2025-03-05T04:54:18.320+0000] {logging_mixin.py:190} WARNING - /home/***/.local/lib/python3.12/site-packages/***/task/task_runner/standard_task_runner.py:70 DeprecationWarning: This process (pid=1052) is multi-threaded, use of fork() may lead to deadlocks in the child.
[2025-03-05T04:54:18.322+0000] {standard_task_runner.py:72} INFO - Started process 1068 to run task
[2025-03-05T04:54:18.337+0000] {standard_task_runner.py:104} INFO - Running: ['***', 'tasks', 'run', 'forecast_stock_prices', 'fetch_data_from_snowflake', 'manual__2025-03-05T04:54:03.935486+00:00', '--job-id', '16', '--raw', '--subdir', 'DAGS_FOLDER/forecast_stock_prices.py', '--cfg-path', '/tmp/tmpx6v60484']
[2025-03-05T04:54:18.350+0000] {standard_task_runner.py:105} INFO - Job 16: Subtask fetch_data_from_snowflake
[2025-03-05T04:54:18.554+0000] {task_command.py:467} INFO - Running <TaskInstance: forecast_stock_prices.fetch_data_from_snowflake manual__2025-03-05T04:54:03.935486+00:00 [running]> on host 0d515916445a
[2025-03-05T04:54:18.788+0000] {taskinstance.py:3131} INFO - Exporting env vars: AIRFLOW_CTX_DAG_OWNER='***' AIRFLOW_CTX_DAG_ID='forecast_stock_prices' AIRFLOW_CTX_TASK_ID='fetch_data_from_snowflake' AIRFLOW_CTX_EXECUTION_DATE='2025-03-05T04:54:03.935486+00:00' AIRFLOW_CTX_TRY_NUMBER='1' AIRFLOW_CTX_DAG_RUN_ID='manual__2025-03-05T04:54:03.935486+00:00'
[2025-03-05T04:54:18.794+0000] {taskinstance.py:731} INFO - ::endgroup::
[2025-03-05T04:54:18.855+0000] {base.py:84} INFO - Retrieving connection 'snowflake_conn'
[2025-03-05T04:54:18.862+0000] {connection.py:413} INFO - Snowflake Connector for Python Version: 3.12.1, Python Version: 3.12.5, Platform: Linux-5.15.167.4-microsoft-standard-WSL2-x86_64-with-glibc2.36
[2025-03-05T04:54:18.868+0000] {connection.py:1196} INFO - Connecting to GLOBAL Snowflake domain
[2025-03-05T04:54:18.869+0000] {connection.py:1277} INFO - This connection is in OCSP Fail Open Mode. TLS Certificates would be checked for validity and revocation status. Any other Certificate Revocation related exceptions or OCSP Responder failures would be disregarded in favor of connectivity.
[2025-03-05T04:54:20.641+0000] {cursor.py:1156} INFO - Number of results in first chunk: 122
[2025-03-05T04:54:21.230+0000] {cursor.py:1156} INFO - Number of results in first chunk: 122
[2025-03-05T04:54:21.237+0000] {python.py:240} INFO - Done. Returned value was: {'AAPL':           date       close
0   2024-09-06  220.335083
1   2024-09-09  220.424866
2   2024-09-10  219.626633
3   2024-09-11  222.171021
4   2024-09-12  222.280777
..         ...         ...
117 2025-02-26  240.360001
118 2025-02-27  237.300003
119 2025-02-28  241.839996
120 2025-03-03  238.029999
121 2025-03-04  235.929993

[122 rows x 2 columns], 'NVDA':           date       close
0   2024-09-06  102.814117
1   2024-09-09  106.453552
2   2024-09-10  108.083305
3   2024-09-11  116.891945
4   2024-09-12  119.131790
..         ...         ...
117 2025-02-26  131.279999
118 2025-02-27  120.150002
119 2025-02-28  124.919998
120 2025-03-03  114.059998
121 2025-03-04  115.989998

[122 rows x 2 columns]}
[2025-03-05T04:54:21.877+0000] {taskinstance.py:340} INFO - ::group::Post task execution logs
[2025-03-05T04:54:21.882+0000] {taskinstance.py:352} INFO - Marking task as SUCCESS. dag_id=forecast_stock_prices, task_id=fetch_data_from_snowflake, run_id=manual__2025-03-05T04:54:03.935486+00:00, execution_date=20250305T045403, start_date=20250305T045418, end_date=20250305T045421
[2025-03-05T04:54:22.115+0000] {local_task_job_runner.py:266} INFO - Task exited with return code 0
[2025-03-05T04:54:22.293+0000] {taskinstance.py:3900} INFO - 1 downstream tasks scheduled from follow-on schedule check
[2025-03-05T04:54:22.300+0000] {local_task_job_runner.py:245} INFO - ::endgroup::
