[2025-03-05T23:11:27.371+0000] {local_task_job_runner.py:123} INFO - ::group::Pre task execution logs
[2025-03-05T23:11:27.376+0000] {taskinstance.py:2612} INFO - Dependencies all met for dep_context=non-requeueable deps ti=<TaskInstance: extract_stock_data.fetch_stock_data manual__2025-03-05T23:11:26.374669+00:00 [queued]>
[2025-03-05T23:11:27.378+0000] {taskinstance.py:2612} INFO - Dependencies all met for dep_context=requeueable deps ti=<TaskInstance: extract_stock_data.fetch_stock_data manual__2025-03-05T23:11:26.374669+00:00 [queued]>
[2025-03-05T23:11:27.378+0000] {taskinstance.py:2865} INFO - Starting attempt 1 of 1
[2025-03-05T23:11:27.382+0000] {taskinstance.py:2888} INFO - Executing <Task(_PythonDecoratedOperator): fetch_stock_data> on 2025-03-05 23:11:26.374669+00:00
[2025-03-05T23:11:27.387+0000] {logging_mixin.py:190} WARNING - /home/***/.local/lib/python3.12/site-packages/***/task/task_runner/standard_task_runner.py:70 DeprecationWarning: This process (pid=726) is multi-threaded, use of fork() may lead to deadlocks in the child.
[2025-03-05T23:11:27.388+0000] {standard_task_runner.py:72} INFO - Started process 729 to run task
[2025-03-05T23:11:27.386+0000] {standard_task_runner.py:104} INFO - Running: ['***', 'tasks', 'run', 'extract_stock_data', 'fetch_stock_data', 'manual__2025-03-05T23:11:26.374669+00:00', '--job-id', '33', '--raw', '--subdir', 'DAGS_FOLDER/extract_stock_data.py', '--cfg-path', '/tmp/tmpyjshk5o6']
[2025-03-05T23:11:27.389+0000] {standard_task_runner.py:105} INFO - Job 33: Subtask fetch_stock_data
[2025-03-05T23:11:27.407+0000] {task_command.py:467} INFO - Running <TaskInstance: extract_stock_data.fetch_stock_data manual__2025-03-05T23:11:26.374669+00:00 [running]> on host 48a2c6bad219
[2025-03-05T23:11:27.439+0000] {taskinstance.py:3131} INFO - Exporting env vars: AIRFLOW_CTX_DAG_OWNER='***' AIRFLOW_CTX_DAG_ID='extract_stock_data' AIRFLOW_CTX_TASK_ID='fetch_stock_data' AIRFLOW_CTX_EXECUTION_DATE='2025-03-05T23:11:26.374669+00:00' AIRFLOW_CTX_TRY_NUMBER='1' AIRFLOW_CTX_DAG_RUN_ID='manual__2025-03-05T23:11:26.374669+00:00'
[2025-03-05T23:11:27.440+0000] {taskinstance.py:731} INFO - ::endgroup::
[2025-03-05T23:11:27.441+0000] {logging_mixin.py:190} INFO - YF.download() has changed argument auto_adjust default to True
[2025-03-05T23:11:27.652+0000] {logging_mixin.py:190} WARNING - [*********************100%***********************]  1 of 1 completed
[2025-03-05T23:11:27.716+0000] {logging_mixin.py:190} WARNING - [*********************100%***********************]  1 of 1 completed
[2025-03-05T23:11:27.718+0000] {python.py:240} INFO - Done. Returned value was: ['/tmp/GOOGL_data.csv', '/tmp/TSLA_data.csv']
[2025-03-05T23:11:27.726+0000] {taskinstance.py:340} INFO - ::group::Post task execution logs
[2025-03-05T23:11:27.726+0000] {taskinstance.py:352} INFO - Marking task as SUCCESS. dag_id=extract_stock_data, task_id=fetch_stock_data, run_id=manual__2025-03-05T23:11:26.374669+00:00, execution_date=20250305T231126, start_date=20250305T231127, end_date=20250305T231127
[2025-03-05T23:11:27.740+0000] {local_task_job_runner.py:266} INFO - Task exited with return code 0
[2025-03-05T23:11:27.749+0000] {taskinstance.py:3900} INFO - 1 downstream tasks scheduled from follow-on schedule check
[2025-03-05T23:11:27.750+0000] {local_task_job_runner.py:245} INFO - ::endgroup::
