[2025-03-05T03:02:23.036+0000] {local_task_job_runner.py:123} INFO - ::group::Pre task execution logs
[2025-03-05T03:02:23.077+0000] {taskinstance.py:2612} INFO - Dependencies all met for dep_context=non-requeueable deps ti=<TaskInstance: extract_stock_data.fetch_stock_data manual__2025-03-05T03:02:06.681089+00:00 [queued]>
[2025-03-05T03:02:23.090+0000] {taskinstance.py:2612} INFO - Dependencies all met for dep_context=requeueable deps ti=<TaskInstance: extract_stock_data.fetch_stock_data manual__2025-03-05T03:02:06.681089+00:00 [queued]>
[2025-03-05T03:02:23.091+0000] {taskinstance.py:2865} INFO - Starting attempt 1 of 1
[2025-03-05T03:02:23.129+0000] {taskinstance.py:2888} INFO - Executing <Task(_PythonDecoratedOperator): fetch_stock_data> on 2025-03-05 03:02:06.681089+00:00
[2025-03-05T03:02:23.259+0000] {logging_mixin.py:190} WARNING - /home/***/.local/lib/python3.12/site-packages/***/task/task_runner/standard_task_runner.py:70 DeprecationWarning: This process (pid=526) is multi-threaded, use of fork() may lead to deadlocks in the child.
[2025-03-05T03:02:23.229+0000] {standard_task_runner.py:104} INFO - Running: ['***', 'tasks', 'run', 'extract_stock_data', 'fetch_stock_data', 'manual__2025-03-05T03:02:06.681089+00:00', '--job-id', '28', '--raw', '--subdir', 'DAGS_FOLDER/extract_stock_data.py', '--cfg-path', '/tmp/tmpcojlrzgt']
[2025-03-05T03:02:23.267+0000] {standard_task_runner.py:72} INFO - Started process 532 to run task
[2025-03-05T03:02:23.270+0000] {standard_task_runner.py:105} INFO - Job 28: Subtask fetch_stock_data
[2025-03-05T03:02:23.847+0000] {task_command.py:467} INFO - Running <TaskInstance: extract_stock_data.fetch_stock_data manual__2025-03-05T03:02:06.681089+00:00 [running]> on host ed517ed82b96
[2025-03-05T03:02:24.656+0000] {taskinstance.py:3131} INFO - Exporting env vars: AIRFLOW_CTX_DAG_OWNER='***' AIRFLOW_CTX_DAG_ID='extract_stock_data' AIRFLOW_CTX_TASK_ID='fetch_stock_data' AIRFLOW_CTX_EXECUTION_DATE='2025-03-05T03:02:06.681089+00:00' AIRFLOW_CTX_TRY_NUMBER='1' AIRFLOW_CTX_DAG_RUN_ID='manual__2025-03-05T03:02:06.681089+00:00'
[2025-03-05T03:02:24.668+0000] {taskinstance.py:731} INFO - ::endgroup::
[2025-03-05T03:02:25.115+0000] {logging_mixin.py:190} INFO - YF.download() has changed argument auto_adjust default to True
[2025-03-05T03:02:26.664+0000] {logging_mixin.py:190} WARNING - [*********************100%***********************]  1 of 1 completed
[2025-03-05T03:02:26.925+0000] {logging_mixin.py:190} WARNING - [*********************100%***********************]  1 of 1 completed
[2025-03-05T03:02:26.944+0000] {python.py:240} INFO - Done. Returned value was: ['/tmp/AAPL_data.csv', '/tmp/NVDA_data.csv']
[2025-03-05T03:02:27.048+0000] {taskinstance.py:340} INFO - ::group::Post task execution logs
[2025-03-05T03:02:27.050+0000] {taskinstance.py:352} INFO - Marking task as SUCCESS. dag_id=extract_stock_data, task_id=fetch_stock_data, run_id=manual__2025-03-05T03:02:06.681089+00:00, execution_date=20250305T030206, start_date=20250305T030223, end_date=20250305T030227
[2025-03-05T03:02:27.123+0000] {local_task_job_runner.py:266} INFO - Task exited with return code 0
[2025-03-05T03:02:27.155+0000] {taskinstance.py:3900} INFO - 0 downstream tasks scheduled from follow-on schedule check
[2025-03-05T03:02:27.159+0000] {local_task_job_runner.py:245} INFO - ::endgroup::
