[2025-03-05T03:16:50.845+0000] {local_task_job_runner.py:123} INFO - ::group::Pre task execution logs
[2025-03-05T03:16:50.874+0000] {taskinstance.py:2612} INFO - Dependencies all met for dep_context=non-requeueable deps ti=<TaskInstance: extract_stock_data.fetch_stock_data manual__2025-03-05T03:16:40.399178+00:00 [queued]>
[2025-03-05T03:16:50.889+0000] {taskinstance.py:2612} INFO - Dependencies all met for dep_context=requeueable deps ti=<TaskInstance: extract_stock_data.fetch_stock_data manual__2025-03-05T03:16:40.399178+00:00 [queued]>
[2025-03-05T03:16:50.891+0000] {taskinstance.py:2865} INFO - Starting attempt 1 of 1
[2025-03-05T03:16:50.915+0000] {taskinstance.py:2888} INFO - Executing <Task(_PythonDecoratedOperator): fetch_stock_data> on 2025-03-05 03:16:40.399178+00:00
[2025-03-05T03:16:50.950+0000] {logging_mixin.py:190} WARNING - /home/***/.local/lib/python3.12/site-packages/***/task/task_runner/standard_task_runner.py:70 DeprecationWarning: This process (pid=888) is multi-threaded, use of fork() may lead to deadlocks in the child.
[2025-03-05T03:16:50.952+0000] {standard_task_runner.py:72} INFO - Started process 891 to run task
[2025-03-05T03:16:50.950+0000] {standard_task_runner.py:104} INFO - Running: ['***', 'tasks', 'run', 'extract_stock_data', 'fetch_stock_data', 'manual__2025-03-05T03:16:40.399178+00:00', '--job-id', '34', '--raw', '--subdir', 'DAGS_FOLDER/extract_stock_data.py', '--cfg-path', '/tmp/tmpqao0ezm0']
[2025-03-05T03:16:50.954+0000] {standard_task_runner.py:105} INFO - Job 34: Subtask fetch_stock_data
[2025-03-05T03:16:51.034+0000] {task_command.py:467} INFO - Running <TaskInstance: extract_stock_data.fetch_stock_data manual__2025-03-05T03:16:40.399178+00:00 [running]> on host ed517ed82b96
[2025-03-05T03:16:51.138+0000] {taskinstance.py:3131} INFO - Exporting env vars: AIRFLOW_CTX_DAG_OWNER='***' AIRFLOW_CTX_DAG_ID='extract_stock_data' AIRFLOW_CTX_TASK_ID='fetch_stock_data' AIRFLOW_CTX_EXECUTION_DATE='2025-03-05T03:16:40.399178+00:00' AIRFLOW_CTX_TRY_NUMBER='1' AIRFLOW_CTX_DAG_RUN_ID='manual__2025-03-05T03:16:40.399178+00:00'
[2025-03-05T03:16:51.144+0000] {taskinstance.py:731} INFO - ::endgroup::
[2025-03-05T03:16:51.181+0000] {logging_mixin.py:190} INFO - YF.download() has changed argument auto_adjust default to True
[2025-03-05T03:16:52.422+0000] {logging_mixin.py:190} WARNING - [*********************100%***********************]  1 of 1 completed
[2025-03-05T03:16:53.647+0000] {logging_mixin.py:190} WARNING - [*********************100%***********************]  1 of 1 completed
[2025-03-05T03:16:53.684+0000] {python.py:240} INFO - Done. Returned value was: ['/tmp/AAPL_data.csv', '/tmp/NVDA_data.csv']
[2025-03-05T03:16:53.976+0000] {taskinstance.py:340} INFO - ::group::Post task execution logs
[2025-03-05T03:16:53.979+0000] {taskinstance.py:352} INFO - Marking task as SUCCESS. dag_id=extract_stock_data, task_id=fetch_stock_data, run_id=manual__2025-03-05T03:16:40.399178+00:00, execution_date=20250305T031640, start_date=20250305T031650, end_date=20250305T031653
[2025-03-05T03:16:54.103+0000] {local_task_job_runner.py:266} INFO - Task exited with return code 0
[2025-03-05T03:16:54.181+0000] {taskinstance.py:3900} INFO - 1 downstream tasks scheduled from follow-on schedule check
[2025-03-05T03:16:54.213+0000] {local_task_job_runner.py:245} INFO - ::endgroup::
