[2025-03-05T04:44:29.407+0000] {local_task_job_runner.py:123} INFO - ::group::Pre task execution logs
[2025-03-05T04:44:29.450+0000] {taskinstance.py:2612} INFO - Dependencies all met for dep_context=non-requeueable deps ti=<TaskInstance: forecast_stock_prices.train_and_forecast scheduled__2025-03-03T10:00:00+00:00 [queued]>
[2025-03-05T04:44:29.476+0000] {taskinstance.py:2612} INFO - Dependencies all met for dep_context=requeueable deps ti=<TaskInstance: forecast_stock_prices.train_and_forecast scheduled__2025-03-03T10:00:00+00:00 [queued]>
[2025-03-05T04:44:29.478+0000] {taskinstance.py:2865} INFO - Starting attempt 1 of 1
[2025-03-05T04:44:29.505+0000] {taskinstance.py:2888} INFO - Executing <Task(_PythonDecoratedOperator): train_and_forecast> on 2025-03-03 10:00:00+00:00
[2025-03-05T04:44:29.542+0000] {logging_mixin.py:190} WARNING - /home/***/.local/lib/python3.12/site-packages/***/task/task_runner/standard_task_runner.py:70 DeprecationWarning: This process (pid=475) is multi-threaded, use of fork() may lead to deadlocks in the child.
[2025-03-05T04:44:29.545+0000] {standard_task_runner.py:72} INFO - Started process 499 to run task
[2025-03-05T04:44:29.543+0000] {standard_task_runner.py:104} INFO - Running: ['***', 'tasks', 'run', 'forecast_stock_prices', 'train_and_forecast', 'scheduled__2025-03-03T10:00:00+00:00', '--job-id', '7', '--raw', '--subdir', 'DAGS_FOLDER/forecast_stock_prices.py', '--cfg-path', '/tmp/tmph_sz1c29']
[2025-03-05T04:44:29.562+0000] {standard_task_runner.py:105} INFO - Job 7: Subtask train_and_forecast
[2025-03-05T04:44:29.697+0000] {task_command.py:467} INFO - Running <TaskInstance: forecast_stock_prices.train_and_forecast scheduled__2025-03-03T10:00:00+00:00 [running]> on host 0d515916445a
[2025-03-05T04:44:30.397+0000] {taskinstance.py:3131} INFO - Exporting env vars: AIRFLOW_CTX_DAG_OWNER='***' AIRFLOW_CTX_DAG_ID='forecast_stock_prices' AIRFLOW_CTX_TASK_ID='train_and_forecast' AIRFLOW_CTX_EXECUTION_DATE='2025-03-03T10:00:00+00:00' AIRFLOW_CTX_TRY_NUMBER='1' AIRFLOW_CTX_DAG_RUN_ID='scheduled__2025-03-03T10:00:00+00:00'
[2025-03-05T04:44:30.404+0000] {taskinstance.py:731} INFO - ::endgroup::
[2025-03-05T04:44:30.436+0000] {logging_mixin.py:190} WARNING - /home/***/.local/lib/python3.12/site-packages/statsmodels/tsa/base/tsa_model.py:473 ValueWarning: A date index has been provided, but it has no associated frequency information and so will be ignored when e.g. forecasting.
[2025-03-05T04:44:30.935+0000] {logging_mixin.py:190} WARNING - /home/***/.local/lib/python3.12/site-packages/statsmodels/tsa/base/tsa_model.py:837 ValueWarning: No supported index is available. Prediction results will be given with an integer index beginning at `start`.
[2025-03-05T04:44:30.940+0000] {logging_mixin.py:190} WARNING - /home/***/.local/lib/python3.12/site-packages/statsmodels/tsa/base/tsa_model.py:837 FutureWarning: No supported index is available. In the next version, calling this method in a model without a supported index will result in an exception.
[2025-03-05T04:44:30.955+0000] {logging_mixin.py:190} WARNING - /home/***/.local/lib/python3.12/site-packages/statsmodels/tsa/base/tsa_model.py:473 ValueWarning: A date index has been provided, but it has no associated frequency information and so will be ignored when e.g. forecasting.
[2025-03-05T04:44:31.169+0000] {logging_mixin.py:190} WARNING - /home/***/.local/lib/python3.12/site-packages/statsmodels/tsa/base/tsa_model.py:837 ValueWarning: No supported index is available. Prediction results will be given with an integer index beginning at `start`.
[2025-03-05T04:44:31.174+0000] {logging_mixin.py:190} WARNING - /home/***/.local/lib/python3.12/site-packages/statsmodels/tsa/base/tsa_model.py:837 FutureWarning: No supported index is available. In the next version, calling this method in a model without a supported index will result in an exception.
[2025-03-05T04:44:31.182+0000] {python.py:240} INFO - Done. Returned value was: [('AAPL', '2025-03-05', 235.2415340887812), ('AAPL', '2025-03-06', 236.10561889434533), ('AAPL', '2025-03-07', 235.96363604574162), ('AAPL', '2025-03-08', 236.00794807908326), ('AAPL', '2025-03-09', 235.91916730645497), ('AAPL', '2025-03-10', 236.020194960862), ('AAPL', '2025-03-11', 235.98059653971103), ('NVDA', '2025-03-05', 114.17691848569312), ('NVDA', '2025-03-06', 117.10427419670728), ('NVDA', '2025-03-07', 116.74166777048853), ('NVDA', '2025-03-08', 118.2529870297261), ('NVDA', '2025-03-09', 117.54659736976558), ('NVDA', '2025-03-10', 117.77523883696743), ('NVDA', '2025-03-11', 117.17316599827691)]
[2025-03-05T04:44:31.260+0000] {taskinstance.py:340} INFO - ::group::Post task execution logs
[2025-03-05T04:44:31.261+0000] {taskinstance.py:352} INFO - Marking task as SUCCESS. dag_id=forecast_stock_prices, task_id=train_and_forecast, run_id=scheduled__2025-03-03T10:00:00+00:00, execution_date=20250303T100000, start_date=20250305T044429, end_date=20250305T044431
[2025-03-05T04:44:31.337+0000] {local_task_job_runner.py:266} INFO - Task exited with return code 0
[2025-03-05T04:44:31.403+0000] {taskinstance.py:3900} INFO - 1 downstream tasks scheduled from follow-on schedule check
[2025-03-05T04:44:31.406+0000] {local_task_job_runner.py:245} INFO - ::endgroup::
