[2025-03-05T03:06:52.808+0000] {local_task_job_runner.py:123} INFO - ::group::Pre task execution logs
[2025-03-05T03:06:52.856+0000] {taskinstance.py:2612} INFO - Dependencies all met for dep_context=non-requeueable deps ti=<TaskInstance: extract_stock_data.fetch_stock_data manual__2025-03-05T03:06:38.525067+00:00 [queued]>
[2025-03-05T03:06:53.773+0000] {taskinstance.py:2612} INFO - Dependencies all met for dep_context=requeueable deps ti=<TaskInstance: extract_stock_data.fetch_stock_data manual__2025-03-05T03:06:38.525067+00:00 [queued]>
[2025-03-05T03:06:53.774+0000] {taskinstance.py:2865} INFO - Starting attempt 1 of 1
[2025-03-05T03:06:53.807+0000] {taskinstance.py:2888} INFO - Executing <Task(_PythonDecoratedOperator): fetch_stock_data> on 2025-03-05 03:06:38.525067+00:00
[2025-03-05T03:06:53.836+0000] {logging_mixin.py:190} WARNING - /home/***/.local/lib/python3.12/site-packages/***/task/task_runner/standard_task_runner.py:70 DeprecationWarning: This process (pid=641) is multi-threaded, use of fork() may lead to deadlocks in the child.
[2025-03-05T03:06:53.846+0000] {standard_task_runner.py:72} INFO - Started process 644 to run task
[2025-03-05T03:06:53.883+0000] {standard_task_runner.py:104} INFO - Running: ['***', 'tasks', 'run', 'extract_stock_data', 'fetch_stock_data', 'manual__2025-03-05T03:06:38.525067+00:00', '--job-id', '30', '--raw', '--subdir', 'DAGS_FOLDER/extract_stock_data.py', '--cfg-path', '/tmp/tmp_kfvfz4t']
[2025-03-05T03:06:53.908+0000] {standard_task_runner.py:105} INFO - Job 30: Subtask fetch_stock_data
[2025-03-05T03:06:54.554+0000] {task_command.py:467} INFO - Running <TaskInstance: extract_stock_data.fetch_stock_data manual__2025-03-05T03:06:38.525067+00:00 [running]> on host ed517ed82b96
[2025-03-05T03:06:58.196+0000] {taskinstance.py:3131} INFO - Exporting env vars: AIRFLOW_CTX_DAG_OWNER='***' AIRFLOW_CTX_DAG_ID='extract_stock_data' AIRFLOW_CTX_TASK_ID='fetch_stock_data' AIRFLOW_CTX_EXECUTION_DATE='2025-03-05T03:06:38.525067+00:00' AIRFLOW_CTX_TRY_NUMBER='1' AIRFLOW_CTX_DAG_RUN_ID='manual__2025-03-05T03:06:38.525067+00:00'
[2025-03-05T03:06:58.232+0000] {taskinstance.py:731} INFO - ::endgroup::
[2025-03-05T03:06:58.371+0000] {logging_mixin.py:190} INFO - YF.download() has changed argument auto_adjust default to True
[2025-03-05T03:07:00.876+0000] {logging_mixin.py:190} WARNING - [*********************100%***********************]  1 of 1 completed
[2025-03-05T03:07:01.264+0000] {logging_mixin.py:190} WARNING - [*********************100%***********************]  1 of 1 completed
[2025-03-05T03:07:01.356+0000] {python.py:240} INFO - Done. Returned value was: ['/tmp/AAPL_data.csv', '/tmp/NVDA_data.csv']
[2025-03-05T03:07:02.693+0000] {taskinstance.py:340} INFO - ::group::Post task execution logs
[2025-03-05T03:07:02.704+0000] {taskinstance.py:352} INFO - Marking task as SUCCESS. dag_id=extract_stock_data, task_id=fetch_stock_data, run_id=manual__2025-03-05T03:06:38.525067+00:00, execution_date=20250305T030638, start_date=20250305T030652, end_date=20250305T030702
[2025-03-05T03:07:03.025+0000] {local_task_job_runner.py:266} INFO - Task exited with return code 0
[2025-03-05T03:07:03.124+0000] {taskinstance.py:3900} INFO - 1 downstream tasks scheduled from follow-on schedule check
[2025-03-05T03:07:03.129+0000] {local_task_job_runner.py:245} INFO - ::endgroup::
